[2022-09-09T15:55:34.862+0000] {taskinstance.py:1171} INFO - Dependencies all met for <TaskInstance: excel_transform.excel_transform scheduled__2022-09-08T00:00:00+00:00 [queued]>
[2022-09-09T15:55:34.946+0000] {taskinstance.py:1171} INFO - Dependencies all met for <TaskInstance: excel_transform.excel_transform scheduled__2022-09-08T00:00:00+00:00 [queued]>
[2022-09-09T15:55:34.947+0000] {taskinstance.py:1368} INFO - 
--------------------------------------------------------------------------------
[2022-09-09T15:55:34.947+0000] {taskinstance.py:1369} INFO - Starting attempt 1 of 1
[2022-09-09T15:55:34.947+0000] {taskinstance.py:1370} INFO - 
--------------------------------------------------------------------------------
[2022-09-09T15:55:34.995+0000] {taskinstance.py:1389} INFO - Executing <Task(PythonOperator): excel_transform> on 2022-09-08 00:00:00+00:00
[2022-09-09T15:55:35.007+0000] {standard_task_runner.py:52} INFO - Started process 767 to run task
[2022-09-09T15:55:35.013+0000] {standard_task_runner.py:79} INFO - Running: ['***', 'tasks', 'run', 'excel_transform', 'excel_transform', 'scheduled__2022-09-08T00:00:00+00:00', '--job-id', '4', '--raw', '--subdir', 'DAGS_FOLDER/dag_task.py', '--cfg-path', '/tmp/tmpot4vxbx4', '--error-file', '/tmp/tmpoucq5rbz']
[2022-09-09T15:55:35.015+0000] {standard_task_runner.py:80} INFO - Job 4: Subtask excel_transform
[2022-09-09T15:55:35.214+0000] {task_command.py:371} INFO - Running <TaskInstance: excel_transform.excel_transform scheduled__2022-09-08T00:00:00+00:00 [running]> on host 60d88aec8eca
[2022-09-09T15:55:35.729+0000] {taskinstance.py:1583} INFO - Exporting the following env vars:
AIRFLOW_CTX_DAG_OWNER=***
AIRFLOW_CTX_DAG_ID=excel_transform
AIRFLOW_CTX_TASK_ID=excel_transform
AIRFLOW_CTX_EXECUTION_DATE=2022-09-08T00:00:00+00:00
AIRFLOW_CTX_TRY_NUMBER=1
AIRFLOW_CTX_DAG_RUN_ID=scheduled__2022-09-08T00:00:00+00:00
[2022-09-09T15:55:35.912+0000] {python.py:173} INFO - Done. Returned value was: {"a":{"0":0,"1":1,"2":2,"3":3,"4":4,"5":5,"6":6,"7":7,"8":8,"9":9},"b":{"0":50,"1":51,"2":52,"3":53,"4":54,"5":55,"6":56,"7":57,"8":58,"9":59},"c":{"0":100,"1":101,"2":102,"3":103,"4":104,"5":105,"6":106,"7":107,"8":108,"9":109},"d":{"0":"15:55:35.886641","1":"15:55:35.886651","2":"15:55:35.886653","3":"15:55:35.886654","4":"15:55:35.886656","5":"15:55:35.886658","6":"15:55:35.886659","7":"15:55:35.886661","8":"15:55:35.886662","9":"15:55:35.886664"}}
[2022-09-09T15:55:36.005+0000] {taskinstance.py:1412} INFO - Marking task as SUCCESS. dag_id=excel_transform, task_id=excel_transform, execution_date=20220908T000000, start_date=20220909T155534, end_date=20220909T155536
[2022-09-09T15:55:36.152+0000] {local_task_job.py:156} INFO - Task exited with return code 0
[2022-09-09T15:55:36.273+0000] {local_task_job.py:279} INFO - 0 downstream tasks scheduled from follow-on schedule check
